# JRE version: OpenJDK Runtime Environment Temurin-21.0.8+9 (21.0.8+9) (build 21.0.8+9-LTS)
# Java VM: OpenJDK 64-Bit Server VM Temurin-21.0.8+9 (21.0.8+9-LTS, mixed mode, tiered, compressed oops, compressed class ptrs, g1 gc, linux-amd64)
GC Precious Log:
 CardTable entry size: 512
 Card Set container configuration: InlinePtr #cards 5 size 8 Array Of Cards #cards 12 size 40 Howl #buckets 4 coarsen threshold 1843 Howl Bitmap #cards 512 size 80 coarsen threshold 460 Card regions per heap region 1 cards per card region 2048
 CPUs: 20 total, 20 available
 Memory: 7802M
 Large Page Support: Disabled
 NUMA Support: Disabled
 Compressed Oops: Enabled (32-bit)
 Heap Region Size: 1M
 Heap Min Capacity: 64M
 Heap Initial Capacity: 64M
 Heap Max Capacity: 1G
 Pre-touch: Disabled
 Parallel Workers: 15
 Concurrent Workers: 4
 Concurrent Refinement Workers: 15
 Periodic GC: Disabled
Heap:
 garbage-first heap   total 92160K, used 57328K [0x00000000c0000000, 0x0000000100000000)
  region size 1024K, 10 young (10240K), 3 survivors (3072K)
 Metaspace       used 85176K, committed 87360K, reserved 1179648K
  class space    used 10027K, committed 11008K, reserved 1048576K
GC Heap History (20 events):
Event: 15.606 GC heap before
{Heap before GC invocations=17 (full 0):
 garbage-first heap   total 92160K, used 79968K [0x00000000c0000000, 0x0000000100000000)
  region size 1024K, 35 young (35840K), 3 survivors (3072K)
 Metaspace       used 81943K, committed 83968K, reserved 1179648K
  class space    used 9689K, committed 10688K, reserved 1048576K
}
Event: 15.613 GC heap after
{Heap after GC invocations=18 (full 0):
 garbage-first heap   total 92160K, used 48371K [0x00000000c0000000, 0x0000000100000000)
  region size 1024K, 4 young (4096K), 4 survivors (4096K)
 Metaspace       used 81943K, committed 83968K, reserved 1179648K
  class space    used 9689K, committed 10688K, reserved 1048576K
}
Event: 18.984 GC heap before
{Heap before GC invocations=18 (full 0):
 garbage-first heap   total 92160K, used 81139K [0x00000000c0000000, 0x0000000100000000)
  region size 1024K, 36 young (36864K), 4 survivors (4096K)
 Metaspace       used 83052K, committed 85120K, reserved 1179648K
  class space    used 9856K, committed 10880K, reserved 1048576K
}
Event: 18.989 GC heap after
{Heap after GC invocations=19 (full 0):
 garbage-first heap   total 92160K, used 49232K [0x00000000c0000000, 0x0000000100000000)
  region size 1024K, 3 young (3072K), 3 survivors (3072K)
 Metaspace       used 83052K, committed 85120K, reserved 1179648K
  class space    used 9856K, committed 10880K, reserved 1048576K
}
Event: 23.126 GC heap before
{Heap before GC invocations=20 (full 0):
 garbage-first heap   total 92160K, used 83024K [0x00000000c0000000, 0x0000000100000000)
  region size 1024K, 36 young (36864K), 3 survivors (3072K)
 Metaspace       used 83442K, committed 85568K, reserved 1179648K
  class space    used 9856K, committed 10880K, reserved 1048576K
}
Event: 23.131 GC heap after
{Heap after GC invocations=21 (full 0):
 garbage-first heap   total 92160K, used 50248K [0x00000000c0000000, 0x0000000100000000)
  region size 1024K, 3 young (3072K), 3 survivors (3072K)
 Metaspace       used 83442K, committed 85568K, reserved 1179648K
  class space    used 9856K, committed 10880K, reserved 1048576K
}
Event: 32.683 GC heap before
{Heap before GC invocations=21 (full 0):
 garbage-first heap   total 92160K, used 83016K [0x00000000c0000000, 0x0000000100000000)
  region size 1024K, 35 young (35840K), 3 survivors (3072K)
 Metaspace       used 83755K, committed 85888K, reserved 1179648K
  class space    used 9859K, committed 10880K, reserved 1048576K
}
Event: 32.691 GC heap after
{Heap after GC invocations=22 (full 0):
 garbage-first heap   total 92160K, used 50690K [0x00000000c0000000, 0x0000000100000000)
  region size 1024K, 4 young (4096K), 4 survivors (4096K)
 Metaspace       used 83755K, committed 85888K, reserved 1179648K
  class space    used 9859K, committed 10880K, reserved 1048576K
}
Event: 36.625 GC heap before
{Heap before GC invocations=22 (full 0):
 garbage-first heap   total 92160K, used 81410K [0x00000000c0000000, 0x0000000100000000)
  region size 1024K, 34 young (34816K), 4 survivors (4096K)
 Metaspace       used 83945K, committed 86144K, reserved 1179648K
  class space    used 9862K, committed 10880K, reserved 1048576K
}
Event: 36.647 GC heap after
{Heap after GC invocations=23 (full 0):
 garbage-first heap   total 92160K, used 51005K [0x00000000c0000000, 0x0000000100000000)
  region size 1024K, 3 young (3072K), 3 survivors (3072K)
 Metaspace       used 83945K, committed 86144K, reserved 1179648K
  class space    used 9862K, committed 10880K, reserved 1048576K
}
Event: 52.505 GC heap before
{Heap before GC invocations=24 (full 0):
 garbage-first heap   total 92160K, used 82749K [0x00000000c0000000, 0x0000000100000000)
  region size 1024K, 34 young (34816K), 3 survivors (3072K)
 Metaspace       used 84992K, committed 87168K, reserved 1179648K
  class space    used 10016K, committed 11008K, reserved 1048576K
}
Event: 52.512 GC heap after
{Heap after GC invocations=25 (full 0):
 garbage-first heap   total 92160K, used 51991K [0x00000000c0000000, 0x0000000100000000)
  region size 1024K, 4 young (4096K), 4 survivors (4096K)
 Metaspace       used 84992K, committed 87168K, reserved 1179648K
  class space    used 10016K, committed 11008K, reserved 1048576K
}
Event: 58.908 GC heap before
{Heap before GC invocations=25 (full 0):
 garbage-first heap   total 92160K, used 81687K [0x00000000c0000000, 0x0000000100000000)
  region size 1024K, 33 young (33792K), 4 survivors (4096K)
 Metaspace       used 85056K, committed 87232K, reserved 1179648K
  class space    used 10016K, committed 11008K, reserved 1048576K
}
Event: 58.918 GC heap after
{Heap after GC invocations=26 (full 0):
 garbage-first heap   total 92160K, used 51659K [0x00000000c0000000, 0x0000000100000000)
  region size 1024K, 3 young (3072K), 3 survivors (3072K)
 Metaspace       used 85056K, committed 87232K, reserved 1179648K
  class space    used 10016K, committed 11008K, reserved 1048576K
}
Event: 67.011 GC heap before
{Heap before GC invocations=26 (full 0):
 garbage-first heap   total 92160K, used 83403K [0x00000000c0000000, 0x0000000100000000)
  region size 1024K, 34 young (34816K), 3 survivors (3072K)
 Metaspace       used 85074K, committed 87232K, reserved 1179648K
  class space    used 10016K, committed 11008K, reserved 1048576K
}
Event: 67.016 GC heap after
{Heap after GC invocations=27 (full 0):
 garbage-first heap   total 92160K, used 51555K [0x00000000c0000000, 0x0000000100000000)
  region size 1024K, 3 young (3072K), 3 survivors (3072K)
 Metaspace       used 85074K, committed 87232K, reserved 1179648K
  class space    used 10016K, committed 11008K, reserved 1048576K
}
Event: 71.785 GC heap before
{Heap before GC invocations=28 (full 0):
 garbage-first heap   total 92160K, used 83299K [0x00000000c0000000, 0x0000000100000000)
  region size 1024K, 34 young (34816K), 3 survivors (3072K)
 Metaspace       used 85142K, committed 87360K, reserved 1179648K
  class space    used 10025K, committed 11008K, reserved 1048576K
}
Event: 71.790 GC heap after
{Heap after GC invocations=29 (full 0):
 garbage-first heap   total 92160K, used 51382K [0x00000000c0000000, 0x0000000100000000)
  region size 1024K, 3 young (3072K), 3 survivors (3072K)
 Metaspace       used 85142K, committed 87360K, reserved 1179648K
  class space    used 10025K, committed 11008K, reserved 1048576K
}
Event: 95.426 GC heap before
{Heap before GC invocations=29 (full 0):
 garbage-first heap   total 92160K, used 83126K [0x00000000c0000000, 0x0000000100000000)
  region size 1024K, 34 young (34816K), 3 survivors (3072K)
 Metaspace       used 85163K, committed 87360K, reserved 1179648K
  class space    used 10027K, committed 11008K, reserved 1048576K
}
Event: 95.432 GC heap after
{Heap after GC invocations=30 (full 0):
 garbage-first heap   total 92160K, used 51184K [0x00000000c0000000, 0x0000000100000000)
  region size 1024K, 3 young (3072K), 3 survivors (3072K)
 Metaspace       used 85163K, committed 87360K, reserved 1179648K
  class space    used 10027K, committed 11008K, reserved 1048576K
}

